Build started 21/10/2015 08:11:05.
     1>Project "C:\Users\Gabriel\Desktop\fai\LA - Bkp 21-10 as 01 hs\LA - Atualizado\Learn AutomatonV1\Learn AutomatonV1\Learn AutomatonV1.vcxproj" on node 2 (Build target(s)).
     1>ClCompile:
         C:\Program Files (x86)\Microsoft Visual Studio 12.0\VC\bin\CL.exe /c /AI"C:\Program Files (x86)\Reference Assemblies\Microsoft\Framework\.NETFramework\v4.5\\" /AI"C:\Program Files (x86)\Windows Kits\8.1\References\CommonConfiguration\Neutral" /AI"C:\Program Files (x86)\Reference Assemblies\Microsoft\Framework\.NETFramework\v4.5\Facades\\" /Zi /clr /nologo /W3 /WX- /Od /Oy- /D WIN32 /D _DEBUG /D _UNICODE /D UNICODE /EHa /MDd /GS /fp:precise /Zc:wchar_t /Zc:forScope /Fo"Debug\\" /Fd"Debug\vc120.pdb" /TP /FU"C:\Program Files (x86)\Reference Assemblies\Microsoft\Framework\.NETFramework\v4.5\mscorlib.dll" /FU"C:\Program Files (x86)\Reference Assemblies\Microsoft\Framework\.NETFramework\v4.5\System.Data.dll" /FU"C:\Program Files (x86)\Reference Assemblies\Microsoft\Framework\.NETFramework\v4.5\System.dll" /FU"C:\Program Files (x86)\Reference Assemblies\Microsoft\Framework\.NETFramework\v4.5\System.Drawing.dll" /FU"C:\Program Files (x86)\Reference Assemblies\Microsoft\Framework\.NETFramework\v4.5\System.Windows.Forms.dll" /FU"C:\Program Files (x86)\Reference Assemblies\Microsoft\Framework\.NETFramework\v4.5\System.Xml.dll" /analyze- /errorReport:prompt /clr:nostdlib Controle.cpp
         Controle.cpp
       Link:
         C:\Program Files (x86)\Microsoft Visual Studio 12.0\VC\bin\link.exe /ERRORREPORT:PROMPT /OUT:"C:\Users\Gabriel\Desktop\fai\LA - Bkp 21-10 as 01 hs\LA - Atualizado\Learn AutomatonV1\Debug\Learn AutomatonV1.exe" /INCREMENTAL /NOLOGO /ASSEMBLYRESOURCE:Debug\LearnAutomatonV1.TelaPontuacao.resources /ASSEMBLYRESOURCE:Debug\LearnAutomatonV1.TelaRanking.resources /ASSEMBLYRESOURCE:Debug\LearnAutomatonV1.TelaAFD.resources /ASSEMBLYRESOURCE:Debug\LearnAutomatonV1.TelaSobre.resources /ASSEMBLYRESOURCE:Debug\LearnAutomatonV1.TelaPergunta.resources /ASSEMBLYRESOURCE:Debug\LearnAutomatonV1.TelaPrincipal.resources /ASSEMBLYRESOURCE:Debug\LearnAutomatonV1.TelaTeoria.resources /MANIFEST /MANIFESTUAC:"level='asInvoker' uiAccess='false'" /manifest:embed /DEBUG /PDB:"C:\Users\Gabriel\Desktop\fai\LA - Bkp 21-10 as 01 hs\LA - Atualizado\Learn AutomatonV1\Debug\Learn AutomatonV1.pdb" /ASSEMBLYDEBUG /SUBSYSTEM:WINDOWS /TLBID:1 /ENTRY:"Main" /DYNAMICBASE /FIXED:NO /NXCOMPAT /MACHINE:X86 "Debug\Learn AutomatonV11.res"
         Debug\Controle.obj
         Debug\ControlePerguntas.obj
         Debug\GerenciadorDeArquivo.obj
         Debug\TelaPontuacao.obj
         Debug\TelaRanking.obj
         Debug\TelaAFD.obj
         Debug\TelaSobre.obj
         Debug\Jogador.obj
         Debug\ManipuladorDeJogadores.obj
         Debug\Pergunta.obj
         Debug\Principal.obj
         Debug\TelaPergunta.obj
         Debug\TelaPrincipal.obj
         Debug\TelaTeoria.obj
         "Debug\.NETFramework,Version=v4.5.AssemblyAttributes.obj"
         Learn AutomatonV1.vcxproj -> C:\Users\Gabriel\Desktop\fai\LA - Bkp 21-10 as 01 hs\LA - Atualizado\Learn AutomatonV1\Debug\Learn AutomatonV1.exe
     1>Done Building Project "C:\Users\Gabriel\Desktop\fai\LA - Bkp 21-10 as 01 hs\LA - Atualizado\Learn AutomatonV1\Learn AutomatonV1\Learn AutomatonV1.vcxproj" (Build target(s)).

Build succeeded.

Time Elapsed 00:00:01.51
