Build started 26/08/2015 22:32:01.
     1>Project "F:\C++\ProjetoUmaPilha\ProjetoUmaPilha.vcxproj" on node 2 (Build target(s)).
     1>ClCompile:
         C:\Program Files\Microsoft Visual Studio 12.0\VC\bin\CL.exe /c /ZI /nologo /W3 /WX- /sdl /Od /Oy- /D WIN32 /D _DEBUG /D _CONSOLE /D _LIB /D _UNICODE /D UNICODE /Gm /EHsc /RTC1 /MDd /GS /fp:precise /Zc:wchar_t /Zc:forScope /Fo"Debug\\" /Fd"Debug\vc120.pdb" /Gd /TP /analyze- /errorReport:prompt Controle.cpp InterfaceUsuario.cpp Principal.cpp
         InterfaceUsuario.cpp
         Gerando Código...
         Compilando...
         Controle.cpp
         Gerando Código...
         Ignorando... (nenhuma alteração relevante detectada)
         Principal.cpp
       Link:
         C:\Program Files\Microsoft Visual Studio 12.0\VC\bin\link.exe /ERRORREPORT:PROMPT /OUT:"F:\C++\ProjetoUmaPilha\Debug\ProjetoUmaPilha.exe" /INCREMENTAL /NOLOGO kernel32.lib user32.lib gdi32.lib winspool.lib comdlg32.lib advapi32.lib shell32.lib ole32.lib oleaut32.lib uuid.lib odbc32.lib odbccp32.lib /MANIFEST /MANIFESTUAC:"level='asInvoker' uiAccess='false'" /manifest:embed /DEBUG /PDB:"F:\C++\ProjetoUmaPilha\Debug\ProjetoUmaPilha.pdb" /SUBSYSTEM:CONSOLE /TLBID:1 /DYNAMICBASE /NXCOMPAT /IMPLIB:"F:\C++\ProjetoUmaPilha\Debug\ProjetoUmaPilha.lib" /MACHINE:X86 Debug\Controle.obj
         Debug\InterfaceUsuario.obj
         Debug\Pilha.obj
         Debug\Principal.obj
         ProjetoUmaPilha.vcxproj -> F:\C++\ProjetoUmaPilha\Debug\ProjetoUmaPilha.exe
     1>Done Building Project "F:\C++\ProjetoUmaPilha\ProjetoUmaPilha.vcxproj" (Build target(s)).

Build succeeded.

Time Elapsed 00:00:09.21
