Build started 02/09/2015 22:43:57.
     1>Project "D:\FAI - 2.ano\Linguagem de programação - Gaviao\AULAS\AULA - 8\CalculadoraTrigonometricaAritmetica.cpp\CalculadoraTrigonometricaAritmetica.cpp\CalculadoraTrigonometricaAritmetica.cpp.vcxproj" on node 2 (Build target(s)).
     1>ClCompile:
         C:\Program Files (x86)\Microsoft Visual Studio 12.0\VC\bin\CL.exe /c /ZI /nologo /W3 /WX- /sdl /Od /Oy- /D WIN32 /D _DEBUG /D _CONSOLE /D _LIB /D _UNICODE /D UNICODE /Gm /EHsc /RTC1 /MDd /GS /fp:precise /Zc:wchar_t /Zc:forScope /Fo"Debug\\" /Fd"Debug\vc120.pdb" /Gd /TP /analyze- /errorReport:prompt Controle.cpp
         Controle.cpp
       Link:
         C:\Program Files (x86)\Microsoft Visual Studio 12.0\VC\bin\link.exe /ERRORREPORT:PROMPT /OUT:"D:\FAI - 2.ano\Linguagem de programação - Gaviao\AULAS\AULA - 8\CalculadoraTrigonometricaAritmetica.cpp\Debug\CalculadoraTrigonometricaAritmetica.cpp.exe" /INCREMENTAL /NOLOGO kernel32.lib user32.lib gdi32.lib winspool.lib comdlg32.lib advapi32.lib shell32.lib ole32.lib oleaut32.lib uuid.lib odbc32.lib odbccp32.lib /MANIFEST /MANIFESTUAC:"level='asInvoker' uiAccess='false'" /manifest:embed /DEBUG /PDB:"D:\FAI - 2.ano\Linguagem de programação - Gaviao\AULAS\AULA - 8\CalculadoraTrigonometricaAritmetica.cpp\Debug\CalculadoraTrigonometricaAritmetica.cpp.pdb" /SUBSYSTEM:CONSOLE /TLBID:1 /DYNAMICBASE /NXCOMPAT /IMPLIB:"D:\FAI - 2.ano\Linguagem de programação - Gaviao\AULAS\AULA - 8\CalculadoraTrigonometricaAritmetica.cpp\Debug\CalculadoraTrigonometricaAritmetica.cpp.lib" /MACHINE:X86 Debug\Algebra.obj
         Debug\AlgebraNumeria.obj
         Debug\AlgebraSimbolica.obj
         Debug\Calculadora.obj
         Debug\Controle.obj
         Debug\InterfaceUsuario.obj
         Debug\OperadorAritmetico.obj
         Debug\OperadorTrigonometrico.obj
         Debug\Pilha.obj
         Debug\Principal.obj
         CalculadoraTrigonometricaAritmetica.cpp.vcxproj -> D:\FAI - 2.ano\Linguagem de programação - Gaviao\AULAS\AULA - 8\CalculadoraTrigonometricaAritmetica.cpp\Debug\CalculadoraTrigonometricaAritmetica.cpp.exe
     1>Done Building Project "D:\FAI - 2.ano\Linguagem de programação - Gaviao\AULAS\AULA - 8\CalculadoraTrigonometricaAritmetica.cpp\CalculadoraTrigonometricaAritmetica.cpp\CalculadoraTrigonometricaAritmetica.cpp.vcxproj" (Build target(s)).

Build succeeded.

Time Elapsed 00:00:00.97
