Build started 21/06/2015 20:42:42.
     1>Project "C:\Users\Marcela\Downloads\LoteriaDaCaixa\LoteriaDaCaixa.vcxproj" on node 2 (Build target(s)).
     1>ClCompile:
         C:\Program Files (x86)\Microsoft Visual Studio 12.0\VC\bin\CL.exe /c /ZI /nologo /W3 /WX- /sdl /Od /Oy- /D WIN32 /D _DEBUG /D _CONSOLE /D _LIB /D _UNICODE /D UNICODE /Gm /EHsc /RTC1 /MDd /GS /fp:precise /Zc:wchar_t /Zc:forScope /Fo"Debug\\" /Fd"Debug\vc120.pdb" /Gd /TP /analyze- /errorReport:prompt Controle.cpp InterfaceUsuario.cpp LotoFacil.cpp SimuladorLoteria.cpp MegaSena.cpp Principal.cpp
         Principal.cpp
         MegaSena.cpp
     1>c:\users\marcela\downloads\loteriadacaixa\megasena.cpp(6): warning C4244: 'argumento' : conversão de 'time_t' para 'unsigned int', possível perda de dados
         SimuladorLoteria.cpp
     1>c:\users\marcela\downloads\loteriadacaixa\simuladorloteria.cpp(6): warning C4244: 'argumento' : conversão de 'time_t' para 'unsigned int', possível perda de dados
         LotoFacil.cpp
     1>c:\users\marcela\downloads\loteriadacaixa\lotofacil.cpp(6): warning C4244: 'argumento' : conversão de 'time_t' para 'unsigned int', possível perda de dados
         InterfaceUsuario.cpp
         Controle.cpp
         Gerando Código...
       Link:
         C:\Program Files (x86)\Microsoft Visual Studio 12.0\VC\bin\link.exe /ERRORREPORT:PROMPT /OUT:"C:\Users\Marcela\Downloads\LoteriaDaCaixa\Debug\LoteriaDaCaixa.exe" /INCREMENTAL /NOLOGO kernel32.lib user32.lib gdi32.lib winspool.lib comdlg32.lib advapi32.lib shell32.lib ole32.lib oleaut32.lib uuid.lib odbc32.lib odbccp32.lib /MANIFEST /MANIFESTUAC:"level='asInvoker' uiAccess='false'" /manifest:embed /DEBUG /PDB:"C:\Users\Marcela\Downloads\LoteriaDaCaixa\Debug\LoteriaDaCaixa.pdb" /SUBSYSTEM:CONSOLE /TLBID:1 /DYNAMICBASE /NXCOMPAT /IMPLIB:"C:\Users\Marcela\Downloads\LoteriaDaCaixa\Debug\LoteriaDaCaixa.lib" /MACHINE:X86 Debug\Controle.obj
         Debug\InterfaceUsuario.obj
         Debug\LotoFacil.obj
         Debug\SimuladorLoteria.obj
         Debug\MegaSena.obj
         Debug\Principal.obj
         LINK : C:\Users\Marcela\Downloads\LoteriaDaCaixa\Debug\LoteriaDaCaixa.exe não encontrado ou não compilado pelo o último link incremental; executando link completo
         LoteriaDaCaixa.vcxproj -> C:\Users\Marcela\Downloads\LoteriaDaCaixa\Debug\LoteriaDaCaixa.exe
     1>Done Building Project "C:\Users\Marcela\Downloads\LoteriaDaCaixa\LoteriaDaCaixa.vcxproj" (Build target(s)).

Build succeeded.

Time Elapsed 00:00:04.70
