Build started 27/05/2015 21:51:31.
     1>Project "D:\FAI - 2.ano\Linguagem de programação - Gaviao\AULA - 7\ProjFigura2D\ProjFigura2D\ProjFigura2D.vcxproj" on node 2 (Build target(s)).
     1>ClCompile:
         C:\Program Files (x86)\Microsoft Visual Studio 12.0\VC\bin\CL.exe /c /ZI /nologo /W3 /WX- /sdl /Od /Oy- /D WIN32 /D _DEBUG /D _CONSOLE /D _LIB /D _UNICODE /D UNICODE /Gm /EHsc /RTC1 /MDd /GS /fp:precise /Zc:wchar_t /Zc:forScope /Fo"Debug\\" /Fd"Debug\vc120.pdb" /Gd /TP /analyze- /errorReport:prompt Circulo.cpp Controle.cpp Figura.cpp InterfaceUsuario.cpp Principal.cpp Retangulo.cpp Triangulo.cpp
         Triangulo.cpp
         Retangulo.cpp
         Principal.cpp
         InterfaceUsuario.cpp
         Figura.cpp
         Controle.cpp
         Circulo.cpp
         Gerando Código...
       Link:
         C:\Program Files (x86)\Microsoft Visual Studio 12.0\VC\bin\link.exe /ERRORREPORT:PROMPT /OUT:"D:\FAI - 2.ano\Linguagem de programação - Gaviao\AULA - 7\ProjFigura2D\Debug\ProjFigura2D.exe" /INCREMENTAL /NOLOGO kernel32.lib user32.lib gdi32.lib winspool.lib comdlg32.lib advapi32.lib shell32.lib ole32.lib oleaut32.lib uuid.lib odbc32.lib odbccp32.lib /MANIFEST /MANIFESTUAC:"level='asInvoker' uiAccess='false'" /manifest:embed /DEBUG /PDB:"D:\FAI - 2.ano\Linguagem de programação - Gaviao\AULA - 7\ProjFigura2D\Debug\ProjFigura2D.pdb" /SUBSYSTEM:CONSOLE /TLBID:1 /DYNAMICBASE /NXCOMPAT /IMPLIB:"D:\FAI - 2.ano\Linguagem de programação - Gaviao\AULA - 7\ProjFigura2D\Debug\ProjFigura2D.lib" /MACHINE:X86 Debug\Circulo.obj
         Debug\Controle.obj
         Debug\Figura.obj
         Debug\InterfaceUsuario.obj
         Debug\Principal.obj
         Debug\Retangulo.obj
         Debug\Triangulo.obj
         ProjFigura2D.vcxproj -> D:\FAI - 2.ano\Linguagem de programação - Gaviao\AULA - 7\ProjFigura2D\Debug\ProjFigura2D.exe
     1>Done Building Project "D:\FAI - 2.ano\Linguagem de programação - Gaviao\AULA - 7\ProjFigura2D\ProjFigura2D\ProjFigura2D.vcxproj" (Build target(s)).

Build succeeded.

Time Elapsed 00:00:07.02
