Build started 21/06/2015 21:37:38.
     1>Project "D:\FAI - 2.ano\Linguagem de programação - Gaviao\ATIVIDADE PRATA 5\Loteria\Loteria\Loteria.vcxproj" on node 2 (Rebuild target(s)).
     1>ClCompile:
         C:\Program Files (x86)\Microsoft Visual Studio 12.0\VC\bin\CL.exe /c /ZI /nologo /W3 /WX- /sdl /Od /Oy- /D WIN32 /D _DEBUG /D _CONSOLE /D _LIB /D _UNICODE /D UNICODE /Gm /EHsc /RTC1 /MDd /GS /fp:precise /Zc:wchar_t /Zc:forScope /Fo"Debug\\" /Fd"Debug\vc120.pdb" /Gd /TP /analyze- /errorReport:prompt Controle.cpp InterfaceUsuario.cpp JogosCaixa.cpp Lotofacil.cpp MegaSena.cpp Principal.cpp
         Principal.cpp
         MegaSena.cpp
     1>d:\fai - 2.ano\linguagem de programação - gaviao\atividade prata 5\loteria\loteria\megasena.cpp(12): warning C4244: 'argumento' : conversão de 'time_t' para 'unsigned int', possível perda de dados
         Lotofacil.cpp
     1>d:\fai - 2.ano\linguagem de programação - gaviao\atividade prata 5\loteria\loteria\lotofacil.cpp(12): warning C4244: 'argumento' : conversão de 'time_t' para 'unsigned int', possível perda de dados
         JogosCaixa.cpp
     1>d:\fai - 2.ano\linguagem de programação - gaviao\atividade prata 5\loteria\loteria\jogoscaixa.cpp(6): warning C4244: 'argumento' : conversão de 'time_t' para 'unsigned int', possível perda de dados
         InterfaceUsuario.cpp
         Controle.cpp
         Gerando Código...
       Link:
         C:\Program Files (x86)\Microsoft Visual Studio 12.0\VC\bin\link.exe /ERRORREPORT:PROMPT /OUT:"D:\FAI - 2.ano\Linguagem de programação - Gaviao\ATIVIDADE PRATA 5\Loteria\Debug\Loteria.exe" /INCREMENTAL /NOLOGO kernel32.lib user32.lib gdi32.lib winspool.lib comdlg32.lib advapi32.lib shell32.lib ole32.lib oleaut32.lib uuid.lib odbc32.lib odbccp32.lib /MANIFEST /MANIFESTUAC:"level='asInvoker' uiAccess='false'" /manifest:embed /DEBUG /PDB:"D:\FAI - 2.ano\Linguagem de programação - Gaviao\ATIVIDADE PRATA 5\Loteria\Debug\Loteria.pdb" /SUBSYSTEM:CONSOLE /TLBID:1 /DYNAMICBASE /NXCOMPAT /IMPLIB:"D:\FAI - 2.ano\Linguagem de programação - Gaviao\ATIVIDADE PRATA 5\Loteria\Debug\Loteria.lib" /MACHINE:X86 Debug\Controle.obj
         Debug\InterfaceUsuario.obj
         Debug\JogosCaixa.obj
         Debug\Lotofacil.obj
         Debug\MegaSena.obj
         Debug\Principal.obj
         Loteria.vcxproj -> D:\FAI - 2.ano\Linguagem de programação - Gaviao\ATIVIDADE PRATA 5\Loteria\Debug\Loteria.exe
     1>Done Building Project "D:\FAI - 2.ano\Linguagem de programação - Gaviao\ATIVIDADE PRATA 5\Loteria\Loteria\Loteria.vcxproj" (Rebuild target(s)).

Build succeeded.

Time Elapsed 00:00:03.54
